2017-02-24 15:37:42 11832 [Note] InnoDB: Using mutexes to ref count buffer pool pages
2017-02-24 15:37:42 11832 [Note] InnoDB: The InnoDB memory heap is disabled
2017-02-24 15:37:42 11832 [Note] InnoDB: Mutexes and rw_locks use Windows interlocked functions
2017-02-24 15:37:42 11832 [Note] InnoDB: _mm_lfence() and _mm_sfence() are used for memory barrier
2017-02-24 15:37:42 11832 [Note] InnoDB: Compressed tables use zlib 1.2.3
2017-02-24 15:37:42 11832 [Note] InnoDB: Using generic crc32 instructions
2017-02-24 15:37:42 11832 [Note] InnoDB: Initializing buffer pool, size = 128.0M
2017-02-24 15:37:42 11832 [Note] InnoDB: Completed initialization of buffer pool
2017-02-24 15:37:42 11832 [Note] InnoDB: Highest supported file format is Barracuda.
2017-02-24 15:37:42 11832 [Warning] InnoDB: Resizing redo log from 2*320 to 2*3072 pages, LSN=1835037
2017-02-24 15:37:43 11832 [Warning] InnoDB: Starting to delete and rewrite log files.
2017-02-24 15:37:43 11832 [Note] InnoDB: Setting log file .\ib_logfile101 size to 48 MB
2017-02-24 15:37:44 11832 [Note] InnoDB: Setting log file .\ib_logfile1 size to 48 MB
2017-02-24 15:37:44 11832 [Note] InnoDB: Renaming log file .\ib_logfile101 to .\ib_logfile0
2017-02-24 15:37:44 11832 [Warning] InnoDB: New log files created, LSN=1835532
2017-02-24 15:37:44 11832 [Note] InnoDB: 128 rollback segment(s) are active.
2017-02-24 15:37:44 11832 [Note] InnoDB: Waiting for purge to start
2017-02-24 15:37:45 11832 [Note] InnoDB:  Percona XtraDB (http://www.percona.com) 5.6.34-79.1 started; log sequence number 1835037
2017-02-24 15:37:45 12708 [Note] InnoDB: Dumping buffer pool(s) not yet started
2017-02-24 15:37:45 11832 [Note] Plugin 'FEEDBACK' is disabled.
2017-02-24 15:37:45 11832 [Note] Server socket created on IP: '::'.
2017-03-04 13:08:17 28852 [Note] InnoDB: Using mutexes to ref count buffer pool pages
2017-03-04 13:08:17 28852 [Note] InnoDB: The InnoDB memory heap is disabled
2017-03-04 13:08:17 28852 [Note] InnoDB: Mutexes and rw_locks use Windows interlocked functions
2017-03-04 13:08:17 28852 [Note] InnoDB: _mm_lfence() and _mm_sfence() are used for memory barrier
2017-03-04 13:08:17 28852 [Note] InnoDB: Compressed tables use zlib 1.2.3
2017-03-04 13:08:17 28852 [Note] InnoDB: Using generic crc32 instructions
2017-03-04 13:08:17 28852 [Note] InnoDB: Initializing buffer pool, size = 128.0M
2017-03-04 13:08:17 28852 [Note] InnoDB: Completed initialization of buffer pool
2017-03-04 13:08:17 28852 [Note] InnoDB: Highest supported file format is Barracuda.
2017-03-04 13:08:17 28852 [Note] InnoDB: The log sequence numbers 1835532 and 1835532 in ibdata files do not match the log sequence number 3599267 in the ib_logfiles!
2017-03-04 13:08:17 28852 [Note] InnoDB: Database was not shutdown normally!
2017-03-04 13:08:17 28852 [Note] InnoDB: Starting crash recovery.
2017-03-04 13:08:17 28852 [Note] InnoDB: Reading tablespace information from the .ibd files...
2017-03-04 13:08:18 28852 [Note] InnoDB: Restoring possible half-written data pages 
2017-03-04 13:08:18 28852 [Note] InnoDB: from the doublewrite buffer...
2017-03-04 13:08:19 28852 [Note] InnoDB: 128 rollback segment(s) are active.
2017-03-04 13:08:19 28852 [Note] InnoDB: Waiting for purge to start
2017-03-04 13:08:19 28852 [Note] InnoDB:  Percona XtraDB (http://www.percona.com) 5.6.34-79.1 started; log sequence number 3599267
2017-03-04 13:08:19 26412 [Note] InnoDB: Dumping buffer pool(s) not yet started
2017-03-04 13:08:19 28852 [Note] Plugin 'FEEDBACK' is disabled.
2017-03-04 13:08:19 28852 [Note] Server socket created on IP: '::'.
2017-03-04 13:08:30 26236 [Note] InnoDB: Using mutexes to ref count buffer pool pages
2017-03-04 13:08:30 26236 [Note] InnoDB: The InnoDB memory heap is disabled
2017-03-04 13:08:30 26236 [Note] InnoDB: Mutexes and rw_locks use Windows interlocked functions
2017-03-04 13:08:30 26236 [Note] InnoDB: _mm_lfence() and _mm_sfence() are used for memory barrier
2017-03-04 13:08:30 26236 [Note] InnoDB: Compressed tables use zlib 1.2.3
2017-03-04 13:08:30 26236 [Note] InnoDB: Using generic crc32 instructions
2017-03-04 13:08:30 26236 [Note] InnoDB: Initializing buffer pool, size = 128.0M
2017-03-04 13:08:30 26236 [Note] InnoDB: Completed initialization of buffer pool
2017-03-04 13:08:30 26236 [ERROR] InnoDB: .\ibdata1 can't be opened in read-write mode
2017-03-04 13:08:30 26236 [ERROR] InnoDB: The system tablespace must be writable!
2017-03-04 13:08:30 26236 [ERROR] Plugin 'InnoDB' init function returned error.
2017-03-04 13:08:30 26236 [ERROR] Plugin 'InnoDB' registration as a STORAGE ENGINE failed.
2017-03-04 13:08:30 26236 [Note] Plugin 'FEEDBACK' is disabled.
2017-03-04 13:08:30 26236 [ERROR] Unknown/unsupported storage engine: InnoDB
2017-03-04 13:08:30 26236 [ERROR] Aborting

2017-03-15 20:51:42 12108 [Note] InnoDB: Using mutexes to ref count buffer pool pages
2017-03-15 20:51:42 12108 [Note] InnoDB: The InnoDB memory heap is disabled
2017-03-15 20:51:42 12108 [Note] InnoDB: Mutexes and rw_locks use Windows interlocked functions
2017-03-15 20:51:42 12108 [Note] InnoDB: _mm_lfence() and _mm_sfence() are used for memory barrier
2017-03-15 20:51:42 12108 [Note] InnoDB: Compressed tables use zlib 1.2.3
2017-03-15 20:51:42 12108 [Note] InnoDB: Using generic crc32 instructions
2017-03-15 20:51:42 12108 [Note] InnoDB: Initializing buffer pool, size = 128.0M
2017-03-15 20:51:42 12108 [Note] InnoDB: Completed initialization of buffer pool
2017-03-15 20:51:43 12108 [Note] InnoDB: Highest supported file format is Barracuda.
2017-03-15 20:51:43 12108 [Note] InnoDB: The log sequence numbers 1835532 and 1835532 in ibdata files do not match the log sequence number 3605825 in the ib_logfiles!
2017-03-15 20:51:43 12108 [Note] InnoDB: Database was not shutdown normally!
2017-03-15 20:51:43 12108 [Note] InnoDB: Starting crash recovery.
2017-03-15 20:51:43 12108 [Note] InnoDB: Reading tablespace information from the .ibd files...
2017-03-15 20:51:43 12108 [Note] InnoDB: Restoring possible half-written data pages 
2017-03-15 20:51:43 12108 [Note] InnoDB: from the doublewrite buffer...
2017-03-15 20:51:44 12108 [Note] InnoDB: 128 rollback segment(s) are active.
2017-03-15 20:51:44 12108 [Note] InnoDB: Waiting for purge to start
2017-03-15 20:51:44 12108 [Note] InnoDB:  Percona XtraDB (http://www.percona.com) 5.6.34-79.1 started; log sequence number 3605825
2017-03-15 20:51:44 7504 [Note] InnoDB: Dumping buffer pool(s) not yet started
2017-03-15 20:51:44 12108 [Note] Plugin 'FEEDBACK' is disabled.
2017-03-15 20:51:44 12108 [Note] Server socket created on IP: '::'.
2017-03-16 20:39:41 18212 [Note] InnoDB: Using mutexes to ref count buffer pool pages
2017-03-16 20:39:41 18212 [Note] InnoDB: The InnoDB memory heap is disabled
2017-03-16 20:39:41 18212 [Note] InnoDB: Mutexes and rw_locks use Windows interlocked functions
2017-03-16 20:39:41 18212 [Note] InnoDB: _mm_lfence() and _mm_sfence() are used for memory barrier
2017-03-16 20:39:41 18212 [Note] InnoDB: Compressed tables use zlib 1.2.3
2017-03-16 20:39:41 18212 [Note] InnoDB: Using generic crc32 instructions
2017-03-16 20:39:41 18212 [Note] InnoDB: Initializing buffer pool, size = 128.0M
2017-03-16 20:39:41 18212 [Note] InnoDB: Completed initialization of buffer pool
2017-03-16 20:39:41 18212 [Note] InnoDB: Highest supported file format is Barracuda.
2017-03-16 20:39:41 18212 [Note] InnoDB: The log sequence numbers 1835532 and 1835532 in ibdata files do not match the log sequence number 4005145 in the ib_logfiles!
2017-03-16 20:39:41 18212 [Note] InnoDB: Database was not shutdown normally!
2017-03-16 20:39:41 18212 [Note] InnoDB: Starting crash recovery.
2017-03-16 20:39:41 18212 [Note] InnoDB: Reading tablespace information from the .ibd files...
2017-03-16 20:39:41 18212 [Note] InnoDB: Restoring possible half-written data pages 
2017-03-16 20:39:41 18212 [Note] InnoDB: from the doublewrite buffer...
2017-03-16 20:39:42 18212 [Note] InnoDB: 128 rollback segment(s) are active.
2017-03-16 20:39:42 18212 [Note] InnoDB: Waiting for purge to start
2017-03-16 20:39:42 18212 [Note] InnoDB:  Percona XtraDB (http://www.percona.com) 5.6.34-79.1 started; log sequence number 4005145
2017-03-16 20:39:43 17572 [Note] InnoDB: Dumping buffer pool(s) not yet started
2017-03-16 20:39:43 18212 [Note] Plugin 'FEEDBACK' is disabled.
2017-03-16 20:39:43 18212 [Note] Server socket created on IP: '::'.
2017-03-17 15:06:57 39296 [Note] InnoDB: Using mutexes to ref count buffer pool pages
2017-03-17 15:06:57 39296 [Note] InnoDB: The InnoDB memory heap is disabled
2017-03-17 15:06:57 39296 [Note] InnoDB: Mutexes and rw_locks use Windows interlocked functions
2017-03-17 15:06:57 39296 [Note] InnoDB: _mm_lfence() and _mm_sfence() are used for memory barrier
2017-03-17 15:06:57 39296 [Note] InnoDB: Compressed tables use zlib 1.2.3
2017-03-17 15:06:57 39296 [Note] InnoDB: Using generic crc32 instructions
2017-03-17 15:06:57 39296 [Note] InnoDB: Initializing buffer pool, size = 128.0M
2017-03-17 15:06:57 39296 [Note] InnoDB: Completed initialization of buffer pool
2017-03-17 15:06:57 39296 [Note] InnoDB: Highest supported file format is Barracuda.
2017-03-17 15:06:57 39296 [Note] InnoDB: The log sequence numbers 1835532 and 1835532 in ibdata files do not match the log sequence number 4144058 in the ib_logfiles!
2017-03-17 15:06:57 39296 [Note] InnoDB: Database was not shutdown normally!
2017-03-17 15:06:57 39296 [Note] InnoDB: Starting crash recovery.
2017-03-17 15:06:57 39296 [Note] InnoDB: Reading tablespace information from the .ibd files...
2017-03-17 15:06:58 39296 [Note] InnoDB: Restoring possible half-written data pages 
2017-03-17 15:06:58 39296 [Note] InnoDB: from the doublewrite buffer...
2017-03-17 15:06:59 39296 [Note] InnoDB: 128 rollback segment(s) are active.
2017-03-17 15:06:59 39296 [Note] InnoDB: Waiting for purge to start
2017-03-17 15:06:59 39296 [Note] InnoDB:  Percona XtraDB (http://www.percona.com) 5.6.34-79.1 started; log sequence number 4144058
2017-03-17 15:06:59 58648 [Note] InnoDB: Dumping buffer pool(s) not yet started
2017-03-17 15:06:59 39296 [Note] Plugin 'FEEDBACK' is disabled.
2017-03-17 15:06:59 39296 [Note] Server socket created on IP: '::'.
2017-04-21 12:07:45 58772 [Note] InnoDB: Using mutexes to ref count buffer pool pages
2017-04-21 12:07:45 58772 [Note] InnoDB: The InnoDB memory heap is disabled
2017-04-21 12:07:45 58772 [Note] InnoDB: Mutexes and rw_locks use Windows interlocked functions
2017-04-21 12:07:45 58772 [Note] InnoDB: _mm_lfence() and _mm_sfence() are used for memory barrier
2017-04-21 12:07:45 58772 [Note] InnoDB: Compressed tables use zlib 1.2.3
2017-04-21 12:07:45 58772 [Note] InnoDB: Using generic crc32 instructions
2017-04-21 12:07:45 58772 [Note] InnoDB: Initializing buffer pool, size = 128.0M
2017-04-21 12:07:45 58772 [Note] InnoDB: Completed initialization of buffer pool
2017-04-21 12:07:45 58772 [Note] InnoDB: Highest supported file format is Barracuda.
2017-04-21 12:07:45 58772 [Note] InnoDB: The log sequence numbers 1835532 and 1835532 in ibdata files do not match the log sequence number 4144068 in the ib_logfiles!
2017-04-21 12:07:46 58772 [Note] InnoDB: Database was not shutdown normally!
2017-04-21 12:07:46 58772 [Note] InnoDB: Starting crash recovery.
2017-04-21 12:07:46 58772 [Note] InnoDB: Reading tablespace information from the .ibd files...
2017-04-21 12:07:46 58772 [Note] InnoDB: Restoring possible half-written data pages 
2017-04-21 12:07:46 58772 [Note] InnoDB: from the doublewrite buffer...
2017-04-21 12:07:47 58772 [Note] InnoDB: 128 rollback segment(s) are active.
2017-04-21 12:07:47 58772 [Note] InnoDB: Waiting for purge to start
2017-04-21 12:07:47 58772 [Note] InnoDB:  Percona XtraDB (http://www.percona.com) 5.6.34-79.1 started; log sequence number 4144068
2017-04-21 12:07:47 51668 [Note] InnoDB: Dumping buffer pool(s) not yet started
2017-04-21 12:07:47 58772 [Note] Plugin 'FEEDBACK' is disabled.
2017-04-21 12:07:47 58772 [Note] Server socket created on IP: '::'.
2017-04-21 12:12:04 40940 [Note] InnoDB: Using mutexes to ref count buffer pool pages
2017-04-21 12:12:04 40940 [Note] InnoDB: The InnoDB memory heap is disabled
2017-04-21 12:12:04 40940 [Note] InnoDB: Mutexes and rw_locks use Windows interlocked functions
2017-04-21 12:12:04 40940 [Note] InnoDB: _mm_lfence() and _mm_sfence() are used for memory barrier
2017-04-21 12:12:04 40940 [Note] InnoDB: Compressed tables use zlib 1.2.3
2017-04-21 12:12:04 40940 [Note] InnoDB: Using generic crc32 instructions
2017-04-21 12:12:04 40940 [Note] InnoDB: Initializing buffer pool, size = 128.0M
2017-04-21 12:12:04 40940 [Note] InnoDB: Completed initialization of buffer pool
2017-04-21 12:12:05 40940 [ERROR] InnoDB: .\ibdata1 can't be opened in read-write mode
2017-04-21 12:12:05 40940 [ERROR] InnoDB: The system tablespace must be writable!
2017-04-21 12:12:05 40940 [ERROR] Plugin 'InnoDB' init function returned error.
2017-04-21 12:12:05 40940 [ERROR] Plugin 'InnoDB' registration as a STORAGE ENGINE failed.
2017-04-21 12:12:05 40940 [Note] Plugin 'FEEDBACK' is disabled.
2017-04-21 12:12:05 40940 [ERROR] Unknown/unsupported storage engine: InnoDB
2017-04-21 12:12:05 40940 [ERROR] Aborting

2017-04-21 13:21:01 10012 [Note] InnoDB: Using mutexes to ref count buffer pool pages
2017-04-21 13:21:01 10012 [Note] InnoDB: The InnoDB memory heap is disabled
2017-04-21 13:21:01 10012 [Note] InnoDB: Mutexes and rw_locks use Windows interlocked functions
2017-04-21 13:21:01 10012 [Note] InnoDB: _mm_lfence() and _mm_sfence() are used for memory barrier
2017-04-21 13:21:01 10012 [Note] InnoDB: Compressed tables use zlib 1.2.3
2017-04-21 13:21:01 10012 [Note] InnoDB: Using generic crc32 instructions
2017-04-21 13:21:01 10012 [Note] InnoDB: Initializing buffer pool, size = 128.0M
2017-04-21 13:21:01 10012 [Note] InnoDB: Completed initialization of buffer pool
2017-04-21 13:21:02 10012 [Note] InnoDB: Highest supported file format is Barracuda.
2017-04-21 13:21:02 10012 [Note] InnoDB: The log sequence numbers 1835532 and 1835532 in ibdata files do not match the log sequence number 4144078 in the ib_logfiles!
2017-04-21 13:21:02 10012 [Note] InnoDB: Database was not shutdown normally!
2017-04-21 13:21:02 10012 [Note] InnoDB: Starting crash recovery.
2017-04-21 13:21:02 10012 [Note] InnoDB: Reading tablespace information from the .ibd files...
2017-04-21 13:21:02 10012 [Note] InnoDB: Restoring possible half-written data pages 
2017-04-21 13:21:02 10012 [Note] InnoDB: from the doublewrite buffer...
2017-04-21 13:21:03 10012 [Note] InnoDB: 128 rollback segment(s) are active.
2017-04-21 13:21:03 10012 [Note] InnoDB: Waiting for purge to start
2017-04-21 13:21:03 10012 [Note] InnoDB:  Percona XtraDB (http://www.percona.com) 5.6.34-79.1 started; log sequence number 4144078
2017-04-21 13:21:03 10144 [Note] InnoDB: Dumping buffer pool(s) not yet started
2017-04-21 13:21:03 10012 [Note] Plugin 'FEEDBACK' is disabled.
2017-04-21 13:21:03 10012 [Note] Server socket created on IP: '::'.
2017-04-21 13:45:05 6900 [Note] InnoDB: Using mutexes to ref count buffer pool pages
2017-04-21 13:45:05 6900 [Note] InnoDB: The InnoDB memory heap is disabled
2017-04-21 13:45:05 6900 [Note] InnoDB: Mutexes and rw_locks use Windows interlocked functions
2017-04-21 13:45:05 6900 [Note] InnoDB: _mm_lfence() and _mm_sfence() are used for memory barrier
2017-04-21 13:45:05 6900 [Note] InnoDB: Compressed tables use zlib 1.2.3
2017-04-21 13:45:05 6900 [Note] InnoDB: Using generic crc32 instructions
2017-04-21 13:45:05 6900 [Note] InnoDB: Initializing buffer pool, size = 128.0M
2017-04-21 13:45:05 6900 [Note] InnoDB: Completed initialization of buffer pool
2017-04-21 13:45:05 6900 [Note] InnoDB: Highest supported file format is Barracuda.
2017-04-21 13:45:05 6900 [Note] InnoDB: The log sequence numbers 1835532 and 1835532 in ibdata files do not match the log sequence number 4144088 in the ib_logfiles!
2017-04-21 13:45:05 6900 [Note] InnoDB: Database was not shutdown normally!
2017-04-21 13:45:05 6900 [Note] InnoDB: Starting crash recovery.
2017-04-21 13:45:05 6900 [Note] InnoDB: Reading tablespace information from the .ibd files...
2017-04-21 13:45:06 6900 [Note] InnoDB: Restoring possible half-written data pages 
2017-04-21 13:45:06 6900 [Note] InnoDB: from the doublewrite buffer...
2017-04-21 13:45:07 6900 [Note] InnoDB: 128 rollback segment(s) are active.
2017-04-21 13:45:07 6900 [Note] InnoDB: Waiting for purge to start
2017-04-21 13:45:07 6900 [Note] InnoDB:  Percona XtraDB (http://www.percona.com) 5.6.34-79.1 started; log sequence number 4144088
2017-04-21 13:45:07 9620 [Note] InnoDB: Dumping buffer pool(s) not yet started
2017-04-21 13:45:07 6900 [Note] Plugin 'FEEDBACK' is disabled.
2017-04-21 13:45:07 6900 [Note] Server socket created on IP: '::'.
2017-04-21 13:51:27 6688 [Note] InnoDB: Using mutexes to ref count buffer pool pages
2017-04-21 13:51:27 6688 [Note] InnoDB: The InnoDB memory heap is disabled
2017-04-21 13:51:27 6688 [Note] InnoDB: Mutexes and rw_locks use Windows interlocked functions
2017-04-21 13:51:27 6688 [Note] InnoDB: _mm_lfence() and _mm_sfence() are used for memory barrier
2017-04-21 13:51:27 6688 [Note] InnoDB: Compressed tables use zlib 1.2.3
2017-04-21 13:51:27 6688 [Note] InnoDB: Using generic crc32 instructions
2017-04-21 13:51:27 6688 [Note] InnoDB: Initializing buffer pool, size = 128.0M
2017-04-21 13:51:27 6688 [Note] InnoDB: Completed initialization of buffer pool
2017-04-21 13:51:27 6688 [ERROR] InnoDB: .\ibdata1 can't be opened in read-write mode
2017-04-21 13:51:27 6688 [ERROR] InnoDB: The system tablespace must be writable!
2017-04-21 13:51:27 6688 [ERROR] Plugin 'InnoDB' init function returned error.
2017-04-21 13:51:27 6688 [ERROR] Plugin 'InnoDB' registration as a STORAGE ENGINE failed.
2017-04-21 13:51:27 6688 [Note] Plugin 'FEEDBACK' is disabled.
2017-04-21 13:51:27 6688 [ERROR] mysql\bin\mysqld.exe: unknown option '-i'
2017-04-21 13:51:27 6688 [ERROR] Aborting

2017-04-21 13:56:05 9808 [Note] InnoDB: Using mutexes to ref count buffer pool pages
2017-04-21 13:56:05 9808 [Note] InnoDB: The InnoDB memory heap is disabled
2017-04-21 13:56:05 9808 [Note] InnoDB: Mutexes and rw_locks use Windows interlocked functions
2017-04-21 13:56:05 9808 [Note] InnoDB: _mm_lfence() and _mm_sfence() are used for memory barrier
2017-04-21 13:56:05 9808 [Note] InnoDB: Compressed tables use zlib 1.2.3
2017-04-21 13:56:05 9808 [Note] InnoDB: Using generic crc32 instructions
2017-04-21 13:56:05 9808 [Note] InnoDB: Initializing buffer pool, size = 128.0M
2017-04-21 13:56:05 9808 [Note] InnoDB: Completed initialization of buffer pool
2017-04-21 13:56:05 9808 [Note] InnoDB: Highest supported file format is Barracuda.
2017-04-21 13:56:06 9808 [Note] InnoDB: The log sequence numbers 1835532 and 1835532 in ibdata files do not match the log sequence number 4144098 in the ib_logfiles!
2017-04-21 13:56:06 9808 [Note] InnoDB: Database was not shutdown normally!
2017-04-21 13:56:06 9808 [Note] InnoDB: Starting crash recovery.
2017-04-21 13:56:06 9808 [Note] InnoDB: Reading tablespace information from the .ibd files...
2017-04-21 13:56:08 9808 [Note] InnoDB: Restoring possible half-written data pages 
2017-04-21 13:56:08 9808 [Note] InnoDB: from the doublewrite buffer...
2017-04-21 13:56:12 9808 [Note] InnoDB: 128 rollback segment(s) are active.
2017-04-21 13:56:13 9808 [Note] InnoDB: Waiting for purge to start
2017-04-21 13:56:13 9808 [Note] InnoDB:  Percona XtraDB (http://www.percona.com) 5.6.34-79.1 started; log sequence number 4144098
2017-04-21 13:56:13 10168 [Note] InnoDB: Dumping buffer pool(s) not yet started
2017-04-21 13:56:13 9808 [Note] Plugin 'FEEDBACK' is disabled.
2017-04-21 13:56:13 9808 [ERROR] mysql\bin\mysqld.exe: unknown option '-i'
2017-04-21 13:56:13 9808 [ERROR] Aborting

2017-04-21 13:56:32 8460 [Note] InnoDB: Using mutexes to ref count buffer pool pages
2017-04-21 13:56:32 8460 [Note] InnoDB: The InnoDB memory heap is disabled
2017-04-21 13:56:32 8460 [Note] InnoDB: Mutexes and rw_locks use Windows interlocked functions
2017-04-21 13:56:32 8460 [Note] InnoDB: _mm_lfence() and _mm_sfence() are used for memory barrier
2017-04-21 13:56:32 8460 [Note] InnoDB: Compressed tables use zlib 1.2.3
2017-04-21 13:56:32 8460 [Note] InnoDB: Using generic crc32 instructions
2017-04-21 13:56:32 8460 [Note] InnoDB: Initializing buffer pool, size = 128.0M
2017-04-21 13:56:32 8460 [Note] InnoDB: Completed initialization of buffer pool
2017-04-21 13:56:33 8460 [Note] InnoDB: Highest supported file format is Barracuda.
2017-04-21 13:56:37 8460 [Note] InnoDB: 128 rollback segment(s) are active.
2017-04-21 13:56:37 8460 [Note] InnoDB: Waiting for purge to start
2017-04-21 13:56:37 8460 [Note] InnoDB:  Percona XtraDB (http://www.percona.com) 5.6.34-79.1 started; log sequence number 4150862
2017-04-21 13:56:37 9100 [Note] InnoDB: Dumping buffer pool(s) not yet started
2017-04-21 13:56:37 8460 [Note] Plugin 'FEEDBACK' is disabled.
2017-04-21 13:56:37 8460 [Note] Server socket created on IP: '::'.
2017-04-21 13:58:46 10128 [Note] InnoDB: Using mutexes to ref count buffer pool pages
2017-04-21 13:58:46 10128 [Note] InnoDB: The InnoDB memory heap is disabled
2017-04-21 13:58:46 10128 [Note] InnoDB: Mutexes and rw_locks use Windows interlocked functions
2017-04-21 13:58:46 10128 [Note] InnoDB: _mm_lfence() and _mm_sfence() are used for memory barrier
2017-04-21 13:58:46 10128 [Note] InnoDB: Compressed tables use zlib 1.2.3
2017-04-21 13:58:46 10128 [Note] InnoDB: Using generic crc32 instructions
2017-04-21 13:58:46 10128 [Note] InnoDB: Initializing buffer pool, size = 128.0M
2017-04-21 13:58:46 10128 [Note] InnoDB: Completed initialization of buffer pool
2017-04-21 13:58:46 10128 [Note] InnoDB: Highest supported file format is Barracuda.
2017-04-21 13:58:46 10128 [Note] InnoDB: The log sequence numbers 4150862 and 4150862 in ibdata files do not match the log sequence number 4150872 in the ib_logfiles!
2017-04-21 13:58:46 10128 [Note] InnoDB: Database was not shutdown normally!
2017-04-21 13:58:46 10128 [Note] InnoDB: Starting crash recovery.
2017-04-21 13:58:46 10128 [Note] InnoDB: Reading tablespace information from the .ibd files...
2017-04-21 13:58:47 10128 [Note] InnoDB: Restoring possible half-written data pages 
2017-04-21 13:58:47 10128 [Note] InnoDB: from the doublewrite buffer...
2017-04-21 13:58:48 10128 [Note] InnoDB: 128 rollback segment(s) are active.
2017-04-21 13:58:48 10128 [Note] InnoDB: Waiting for purge to start
2017-04-21 13:58:48 10128 [Note] InnoDB:  Percona XtraDB (http://www.percona.com) 5.6.34-79.1 started; log sequence number 4150872
2017-04-21 13:58:48 11688 [Note] InnoDB: Dumping buffer pool(s) not yet started
2017-04-21 13:58:48 10128 [Note] Plugin 'FEEDBACK' is disabled.
2017-04-21 13:58:48 10128 [ERROR] mysql\bin\mysqld.exe: unknown option '-i'
2017-04-21 13:58:48 10128 [ERROR] Aborting

2017-04-21 14:01:17 13160 [Note] InnoDB: Using mutexes to ref count buffer pool pages
2017-04-21 14:01:17 13160 [Note] InnoDB: The InnoDB memory heap is disabled
2017-04-21 14:01:17 13160 [Note] InnoDB: Mutexes and rw_locks use Windows interlocked functions
2017-04-21 14:01:17 13160 [Note] InnoDB: _mm_lfence() and _mm_sfence() are used for memory barrier
2017-04-21 14:01:17 13160 [Note] InnoDB: Compressed tables use zlib 1.2.3
2017-04-21 14:01:17 13160 [Note] InnoDB: Using generic crc32 instructions
2017-04-21 14:01:17 13160 [Note] InnoDB: Initializing buffer pool, size = 128.0M
2017-04-21 14:01:17 13160 [Note] InnoDB: Completed initialization of buffer pool
2017-04-21 14:01:17 13160 [Note] InnoDB: Highest supported file format is Barracuda.
2017-04-21 14:01:18 13160 [Note] InnoDB: 128 rollback segment(s) are active.
2017-04-21 14:01:18 13160 [Note] InnoDB: Waiting for purge to start
2017-04-21 14:01:18 13160 [Note] InnoDB:  Percona XtraDB (http://www.percona.com) 5.6.34-79.1 started; log sequence number 4150882
2017-04-21 14:01:18 5604 [Note] InnoDB: Dumping buffer pool(s) not yet started
2017-04-21 14:01:18 13160 [Note] Plugin 'FEEDBACK' is disabled.
2017-04-21 14:01:18 13160 [ERROR] mysql\bin\mysqld: unknown option '-i'
2017-04-21 14:01:18 13160 [ERROR] Aborting

2017-04-21 14:08:33 12428 [Note] InnoDB: Using mutexes to ref count buffer pool pages
2017-04-21 14:08:33 12428 [Note] InnoDB: The InnoDB memory heap is disabled
2017-04-21 14:08:33 12428 [Note] InnoDB: Mutexes and rw_locks use Windows interlocked functions
2017-04-21 14:08:33 12428 [Note] InnoDB: _mm_lfence() and _mm_sfence() are used for memory barrier
2017-04-21 14:08:33 12428 [Note] InnoDB: Compressed tables use zlib 1.2.3
2017-04-21 14:08:33 12428 [Note] InnoDB: Using generic crc32 instructions
2017-04-21 14:08:33 12428 [Note] InnoDB: Initializing buffer pool, size = 128.0M
2017-04-21 14:08:33 12428 [Note] InnoDB: Completed initialization of buffer pool
2017-04-21 14:08:33 12428 [Note] InnoDB: Highest supported file format is Barracuda.
2017-04-21 14:08:34 12428 [Note] InnoDB: 128 rollback segment(s) are active.
2017-04-21 14:08:34 12428 [Note] InnoDB: Waiting for purge to start
2017-04-21 14:08:34 12428 [Note] InnoDB:  Percona XtraDB (http://www.percona.com) 5.6.34-79.1 started; log sequence number 4150892
2017-04-21 14:08:34 2316 [Note] InnoDB: Dumping buffer pool(s) not yet started
2017-04-21 14:08:34 12428 [Note] Plugin 'FEEDBACK' is disabled.
2017-04-21 14:08:34 12428 [ERROR] mysql\bin\mysqld: unknown option '-e'
2017-04-21 14:08:34 12428 [ERROR] Aborting

2017-04-21 14:09:18 9744 [Note] InnoDB: Using mutexes to ref count buffer pool pages
2017-04-21 14:09:18 9744 [Note] InnoDB: The InnoDB memory heap is disabled
2017-04-21 14:09:18 9744 [Note] InnoDB: Mutexes and rw_locks use Windows interlocked functions
2017-04-21 14:09:18 9744 [Note] InnoDB: _mm_lfence() and _mm_sfence() are used for memory barrier
2017-04-21 14:09:18 9744 [Note] InnoDB: Compressed tables use zlib 1.2.3
2017-04-21 14:09:18 9744 [Note] InnoDB: Using generic crc32 instructions
2017-04-21 14:09:18 9744 [Note] InnoDB: Initializing buffer pool, size = 128.0M
2017-04-21 14:09:18 9744 [Note] InnoDB: Completed initialization of buffer pool
2017-04-21 14:09:18 9744 [Note] InnoDB: Highest supported file format is Barracuda.
2017-04-21 14:09:19 9744 [Note] InnoDB: 128 rollback segment(s) are active.
2017-04-21 14:09:19 9744 [Note] InnoDB: Waiting for purge to start
2017-04-21 14:09:19 9744 [Note] InnoDB:  Percona XtraDB (http://www.percona.com) 5.6.34-79.1 started; log sequence number 4150902
2017-04-21 14:09:19 5604 [Note] InnoDB: Dumping buffer pool(s) not yet started
2017-04-21 14:09:19 9744 [Note] Plugin 'FEEDBACK' is disabled.
2017-04-21 14:09:19 9744 [Note] Server socket created on IP: '::'.
2017-04-21 14:12:10 12416 [Note] InnoDB: Using mutexes to ref count buffer pool pages
2017-04-21 14:12:10 12416 [Note] InnoDB: The InnoDB memory heap is disabled
2017-04-21 14:12:10 12416 [Note] InnoDB: Mutexes and rw_locks use Windows interlocked functions
2017-04-21 14:12:10 12416 [Note] InnoDB: _mm_lfence() and _mm_sfence() are used for memory barrier
2017-04-21 14:12:10 12416 [Note] InnoDB: Compressed tables use zlib 1.2.3
2017-04-21 14:12:10 12416 [Note] InnoDB: Using generic crc32 instructions
2017-04-21 14:12:10 12416 [Note] InnoDB: Initializing buffer pool, size = 128.0M
2017-04-21 14:12:10 12416 [Note] InnoDB: Completed initialization of buffer pool
2017-04-21 14:12:10 12416 [Note] InnoDB: Highest supported file format is Barracuda.
2017-04-21 14:12:10 12416 [Note] InnoDB: The log sequence numbers 4150902 and 4150902 in ibdata files do not match the log sequence number 4150912 in the ib_logfiles!
2017-04-21 14:12:10 12416 [Note] InnoDB: Database was not shutdown normally!
2017-04-21 14:12:10 12416 [Note] InnoDB: Starting crash recovery.
2017-04-21 14:12:10 12416 [Note] InnoDB: Reading tablespace information from the .ibd files...
2017-04-21 14:12:13 12416 [Note] InnoDB: Restoring possible half-written data pages 
2017-04-21 14:12:13 12416 [Note] InnoDB: from the doublewrite buffer...
2017-04-21 14:12:16 12416 [Note] InnoDB: 128 rollback segment(s) are active.
2017-04-21 14:12:16 12416 [Note] InnoDB: Waiting for purge to start
2017-04-21 14:12:16 12416 [Note] InnoDB:  Percona XtraDB (http://www.percona.com) 5.6.34-79.1 started; log sequence number 4150912
2017-04-21 14:12:16 5312 [Note] InnoDB: Dumping buffer pool(s) not yet started
2017-04-21 14:12:16 12416 [Note] Plugin 'FEEDBACK' is disabled.
2017-04-21 14:12:16 12416 [Note] Server socket created on IP: '::'.
